<?xml version="1.0" encoding="UTF-8"?>
<!-- Generated by org.testng.reporters.JUnitReportReporter -->
<testsuite hostname="DESKTOP-8OTT66F" failures="0" tests="3" name="geometri.GeometriTest" time="0.010" errors="0" timestamp="2022-09-02T19:10:58 ICT" skipped="0">
  <testcase classname="geometri.GeometriTest" name="luasTrapesiumTest" time="0.001"/>
  <system-out/>
  <testcase classname="geometri.GeometriTest" name="luasPersegiTest" time="0.008"/>
  <system-out/>
  <testcase classname="geometri.GeometriTest" name="luasSegitigaTest" time="0.001"/>
  <system-out/>
</testsuite> <!-- geometri.GeometriTest -->
