<?xml version="1.0" encoding="UTF-8"?>
<!-- Generated by org.testng.reporters.JUnitReportReporter -->
<testsuite hostname="DESKTOP-8OTT66F" failures="0" tests="1" name="geometri.GeometriTest" time="0.007" errors="0" timestamp="2022-09-03T07:51:02 ICT" skipped="0">
  <testcase classname="geometri.GeometriTest" name="luasTrapesiumTest" time="0.007"/>
  <system-out/>
</testsuite> <!-- geometri.GeometriTest -->
