<?xml version="1.0" encoding="UTF-8"?>
<!-- Generated by org.testng.reporters.JUnitReportReporter -->
<testsuite hostname="DESKTOP-8OTT66F" failures="0" tests="1" name="produkOOP.BelanjaTest" time="0.010" errors="0" timestamp="2022-09-03T06:41:36 ICT" skipped="0">
  <testcase classname="produkOOP.BelanjaTest" name="kalkulasiDiskonTestDua" time="0.010"/>
  <system-out/>
</testsuite> <!-- produkOOP.BelanjaTest -->
