<?xml version="1.0" encoding="UTF-8"?>
<!-- Generated by org.testng.reporters.JUnitReportReporter -->
<testsuite hostname="DESKTOP-8OTT66F" failures="0" tests="1" name="parseStrNmrc.parseStrToNmrcTest" time="0.009" errors="0" timestamp="2022-09-03T06:13:03 ICT" skipped="0">
  <testcase classname="parseStrNmrc.parseStrToNmrcTest" name="strToIntTest" time="0.009"/>
  <system-out/>
</testsuite> <!-- parseStrNmrc.parseStrToNmrcTest -->
