<?xml version="1.0" encoding="UTF-8"?>
<!-- Generated by org.testng.reporters.JUnitReportReporter -->
<testsuite hostname="DESKTOP-8OTT66F" failures="0" tests="4" name="matematika.MatematikaTest" time="0.010" errors="0" timestamp="2022-09-02T13:55:06 ICT" skipped="0">
  <testcase classname="matematika.MatematikaTest" name="modulusTest" time="0.007"/>
  <system-out/>
  <testcase classname="matematika.MatematikaTest" name="penguranganTest" time="0.001"/>
  <system-out/>
  <testcase classname="matematika.MatematikaTest" name="penjumlahanTest" time="0.001"/>
  <system-out/>
  <testcase classname="matematika.MatematikaTest" name="pembagianTest" time="0.001"/>
  <system-out/>
</testsuite> <!-- matematika.MatematikaTest -->
